<?xml version="1.0" encoding="UTF-8"?>
<coverage generated="1632186283">
  <project timestamp="1632186283">
    <package name="TTN\Tea\Tests\Functional\Controller">
      <file name="/home/runner/work/tea/tea/Tests/Functional/Controller/TeaControllerTest.php">
        <class name="TTN\Tea\Tests\Functional\Controller\TeaControllerTest" namespace="TTN\Tea\Tests\Functional\Controller">
          <metrics complexity="4" methods="3" coveredmethods="0" conditionals="0" coveredconditionals="0" statements="14" coveredstatements="0" elements="17" coveredelements="0"/>
        </class>
        <line num="25" type="method" name="setUp" visibility="protected" complexity="2" crap="6.00" count="0"/>
        <line num="27" type="stmt" count="0"/>
        <line num="29" type="stmt" count="0"/>
        <line num="30" type="stmt" count="0"/>
        <line num="32" type="stmt" count="0"/>
        <line num="33" type="stmt" count="0"/>
        <line num="36" type="stmt" count="0"/>
        <line num="37" type="stmt" count="0"/>
        <line num="38" type="stmt" count="0"/>
        <line num="41" type="stmt" count="0"/>
        <line num="46" type="method" name="indexActionRendersTeaTitle" visibility="public" complexity="1" crap="2.00" count="0"/>
        <line num="48" type="stmt" count="0"/>
        <line num="50" type="stmt" count="0"/>
        <line num="51" type="stmt" count="0"/>
        <line num="52" type="stmt" count="0"/>
        <line num="57" type="method" name="isTYPO3VersionAbove10" visibility="protected" complexity="1" crap="2.00" count="0"/>
        <line num="59" type="stmt" count="0"/>
        <metrics loc="61" ncloc="46" classes="1" methods="3" coveredmethods="0" conditionals="0" coveredconditionals="0" statements="14" coveredstatements="0" elements="17" coveredelements="0"/>
      </file>
    </package>
    <package name="TTN\Tea\Tests\Functional\Domain\Repository\Product">
      <file name="/home/runner/work/tea/tea/Tests/Functional/Domain/Repository/Product/TeaRepositoryTest.php">
        <class name="TTN\Tea\Tests\Functional\Domain\Repository\Product\TeaRepositoryTest" namespace="TTN\Tea\Tests\Functional\Domain\Repository\Product">
          <metrics complexity="7" methods="7" coveredmethods="0" conditionals="0" coveredconditionals="0" statements="42" coveredstatements="0" elements="49" coveredelements="0"/>
        </class>
        <line num="35" type="method" name="setUp" visibility="protected" complexity="1" crap="2.00" count="0"/>
        <line num="37" type="stmt" count="0"/>
        <line num="39" type="stmt" count="0"/>
        <line num="42" type="stmt" count="0"/>
        <line num="43" type="stmt" count="0"/>
        <line num="44" type="stmt" count="0"/>
        <line num="49" type="method" name="findAllForNoRecordsReturnsEmptyContainer" visibility="public" complexity="1" crap="2.00" count="0"/>
        <line num="51" type="stmt" count="0"/>
        <line num="53" type="stmt" count="0"/>
        <line num="54" type="stmt" count="0"/>
        <line num="59" type="method" name="findAllWithRecordsFindsRecordsFromAllPages" visibility="public" complexity="1" crap="2.00" count="0"/>
        <line num="61" type="stmt" count="0"/>
        <line num="63" type="stmt" count="0"/>
        <line num="65" type="stmt" count="0"/>
        <line num="66" type="stmt" count="0"/>
        <line num="71" type="method" name="findAllSortsByTitleInAscendingOrder" visibility="public" complexity="1" crap="2.00" count="0"/>
        <line num="73" type="stmt" count="0"/>
        <line num="75" type="stmt" count="0"/>
        <line num="77" type="stmt" count="0"/>
        <line num="78" type="stmt" count="0"/>
        <line num="79" type="stmt" count="0"/>
        <line num="84" type="method" name="findByUidForExistingRecordReturnsModelWithData" visibility="public" complexity="1" crap="2.00" count="0"/>
        <line num="86" type="stmt" count="0"/>
        <line num="88" type="stmt" count="0"/>
        <line num="90" type="stmt" count="0"/>
        <line num="92" type="stmt" count="0"/>
        <line num="93" type="stmt" count="0"/>
        <line num="94" type="stmt" count="0"/>
        <line num="95" type="stmt" count="0"/>
        <line num="100" type="method" name="fillsImageRelation" visibility="public" complexity="1" crap="2.00" count="0"/>
        <line num="102" type="stmt" count="0"/>
        <line num="104" type="stmt" count="0"/>
        <line num="106" type="stmt" count="0"/>
        <line num="108" type="stmt" count="0"/>
        <line num="109" type="stmt" count="0"/>
        <line num="110" type="stmt" count="0"/>
        <line num="111" type="stmt" count="0"/>
        <line num="116" type="method" name="addAndPersistAllCreatesNewRecord" visibility="public" complexity="1" crap="2.00" count="0"/>
        <line num="118" type="stmt" count="0"/>
        <line num="119" type="stmt" count="0"/>
        <line num="120" type="stmt" count="0"/>
        <line num="122" type="stmt" count="0"/>
        <line num="123" type="stmt" count="0"/>
        <line num="125" type="stmt" count="0"/>
        <line num="126" type="stmt" count="0"/>
        <line num="127" type="stmt" count="0"/>
        <line num="128" type="stmt" count="0"/>
        <line num="130" type="stmt" count="0"/>
        <line num="131" type="stmt" count="0"/>
        <metrics loc="132" ncloc="99" classes="1" methods="7" coveredmethods="0" conditionals="0" coveredconditionals="0" statements="42" coveredstatements="0" elements="49" coveredelements="0"/>
      </file>
    </package>
    <package name="TTN\Tea\Tests\Unit\Controller">
      <file name="/home/runner/work/tea/tea/Tests/Unit/Controller/TeaControllerTest.php">
        <class name="TTN\Tea\Tests\Unit\Controller\TeaControllerTest" namespace="TTN\Tea\Tests\Unit\Controller">
          <metrics complexity="4" methods="4" coveredmethods="0" conditionals="0" coveredconditionals="0" statements="19" coveredstatements="0" elements="23" coveredelements="0"/>
        </class>
        <line num="37" type="method" name="setUp" visibility="protected" complexity="1" crap="2.00" count="0"/>
        <line num="39" type="stmt" count="0"/>
        <line num="41" type="stmt" count="0"/>
        <line num="42" type="stmt" count="0"/>
        <line num="43" type="stmt" count="0"/>
        <line num="45" type="stmt" count="0"/>
        <line num="47" type="stmt" count="0"/>
        <line num="48" type="stmt" count="0"/>
        <line num="49" type="stmt" count="0"/>
        <line num="54" type="method" name="isActionController" visibility="public" complexity="1" crap="2.00" count="0"/>
        <line num="56" type="stmt" count="0"/>
        <line num="57" type="stmt" count="0"/>
        <line num="62" type="method" name="indexActionAssignsAllTeaAsTeasToView" visibility="public" complexity="1" crap="2.00" count="0"/>
        <line num="64" type="stmt" count="0"/>
        <line num="65" type="stmt" count="0"/>
        <line num="66" type="stmt" count="0"/>
        <line num="68" type="stmt" count="0"/>
        <line num="69" type="stmt" count="0"/>
        <line num="74" type="method" name="showActionAssignsPassedTeaAsTeaToView" visibility="public" complexity="1" crap="2.00" count="0"/>
        <line num="76" type="stmt" count="0"/>
        <line num="77" type="stmt" count="0"/>
        <line num="79" type="stmt" count="0"/>
        <line num="80" type="stmt" count="0"/>
        <metrics loc="81" ncloc="59" classes="1" methods="4" coveredmethods="0" conditionals="0" coveredconditionals="0" statements="19" coveredstatements="0" elements="23" coveredelements="0"/>
      </file>
    </package>
    <package name="TTN\Tea\Tests\Unit\Domain\Model\Product">
      <file name="/home/runner/work/tea/tea/Tests/Unit/Domain/Model/Product/TeaTest.php">
        <class name="TTN\Tea\Tests\Unit\Domain\Model\Product\TeaTest" namespace="TTN\Tea\Tests\Unit\Domain\Model\Product">
          <metrics complexity="8" methods="8" coveredmethods="0" conditionals="0" coveredconditionals="0" statements="22" coveredstatements="0" elements="30" coveredelements="0"/>
        </class>
        <line num="22" type="method" name="setUp" visibility="protected" complexity="1" crap="2.00" count="0"/>
        <line num="24" type="stmt" count="0"/>
        <line num="25" type="stmt" count="0"/>
        <line num="30" type="method" name="isAbstractEntity" visibility="public" complexity="1" crap="2.00" count="0"/>
        <line num="32" type="stmt" count="0"/>
        <line num="33" type="stmt" count="0"/>
        <line num="38" type="method" name="getTitleInitiallyReturnsEmptyString" visibility="public" complexity="1" crap="2.00" count="0"/>
        <line num="40" type="stmt" count="0"/>
        <line num="41" type="stmt" count="0"/>
        <line num="46" type="method" name="setTitleSetsTitle" visibility="public" complexity="1" crap="2.00" count="0"/>
        <line num="48" type="stmt" count="0"/>
        <line num="49" type="stmt" count="0"/>
        <line num="51" type="stmt" count="0"/>
        <line num="52" type="stmt" count="0"/>
        <line num="57" type="method" name="getDescriptionInitiallyReturnsEmptyString" visibility="public" complexity="1" crap="2.00" count="0"/>
        <line num="59" type="stmt" count="0"/>
        <line num="60" type="stmt" count="0"/>
        <line num="65" type="method" name="setDescriptionSetsDescription" visibility="public" complexity="1" crap="2.00" count="0"/>
        <line num="67" type="stmt" count="0"/>
        <line num="68" type="stmt" count="0"/>
        <line num="70" type="stmt" count="0"/>
        <line num="71" type="stmt" count="0"/>
        <line num="76" type="method" name="getImageInitiallyReturnsNull" visibility="public" complexity="1" crap="2.00" count="0"/>
        <line num="78" type="stmt" count="0"/>
        <line num="79" type="stmt" count="0"/>
        <line num="84" type="method" name="setImageSetsImage" visibility="public" complexity="1" crap="2.00" count="0"/>
        <line num="86" type="stmt" count="0"/>
        <line num="87" type="stmt" count="0"/>
        <line num="89" type="stmt" count="0"/>
        <line num="90" type="stmt" count="0"/>
        <metrics loc="91" ncloc="64" classes="1" methods="8" coveredmethods="0" conditionals="0" coveredconditionals="0" statements="22" coveredstatements="0" elements="30" coveredelements="0"/>
      </file>
    </package>
    <package name="TTN\Tea\Tests\Unit\Domain\Repository\Product">
      <file name="/home/runner/work/tea/tea/Tests/Unit/Domain/Repository/Product/TeaRepositoryTest.php">
        <class name="TTN\Tea\Tests\Unit\Domain\Repository\Product\TeaRepositoryTest" namespace="TTN\Tea\Tests\Unit\Domain\Repository\Product">
          <metrics complexity="2" methods="2" coveredmethods="0" conditionals="0" coveredconditionals="0" statements="5" coveredstatements="0" elements="7" coveredelements="0"/>
        </class>
        <line num="28" type="method" name="setUp" visibility="protected" complexity="1" crap="2.00" count="0"/>
        <line num="30" type="stmt" count="0"/>
        <line num="31" type="stmt" count="0"/>
        <line num="32" type="stmt" count="0"/>
        <line num="37" type="method" name="isRepository" visibility="public" complexity="1" crap="2.00" count="0"/>
        <line num="39" type="stmt" count="0"/>
        <line num="40" type="stmt" count="0"/>
        <metrics loc="41" ncloc="29" classes="1" methods="2" coveredmethods="0" conditionals="0" coveredconditionals="0" statements="5" coveredstatements="0" elements="7" coveredelements="0"/>
      </file>
    </package>
    <metrics files="5" loc="406" ncloc="297" classes="5" methods="24" coveredmethods="0" conditionals="0" coveredconditionals="0" statements="102" coveredstatements="0" elements="126" coveredelements="0"/>
  </project>
</coverage>
